<?xml version="1.0" encoding="UTF-8"?>
<testsuites>
	<testsuite tests="6" errors="0" failures="0" time="0.024" timestamp="2015-09-15T14:36:58">
		<testcase classname="spotifyChart" name="#extractTop20Tracks returns the first 20 tracks from the tracks array" time="0.009">
		</testcase>
		<testcase classname="spotifyChart" name="#extractNumberOfStreams returns the streaming counts from the tracks it&amp;apos;s passed" time="0">
		</testcase>
		<testcase classname="spotifyChart" name="#extractNames returns the song names from the tracks it&amp;apos;s passed" time="0">
		</testcase>
		<testcase classname="spotifyChart" name="#chartData returns an object where the attribute `labels` points to the first param, the attribute `datasets` points to an array of objects, the first of which hassix attributes, 1) label 2) fillColor 3) strokeColor 4) highlightFill 5) highlightStroke and 6) data, data points to the second param" time="0.003">
		</testcase>
		<testcase classname="spotifyChart" name="#getSpotifyTracks uses jQuery&amp;apos;s ajax function to get json (specify JSONP)" time="0.001">
		</testcase>
		<testcase classname="spotifyChart" name="ran server and checked that chart rendered looks similar to the picture in the readme and I&amp;apos;m done with the lab" time="0">
		</testcase>
	</testsuite>
</testsuites>

